<?xml version="1.0" encoding="UTF-8"?>
<testsuite name="ru.mail.polis.homework.simple.MainTest" tests="1" skipped="0" failures="0" errors="0" timestamp="2020-03-01T17:24:45" hostname="DESKTOP-9U7KDAQ" time="0.005">
  <properties/>
  <testcase name="hello" classname="ru.mail.polis.homework.simple.MainTest" time="0.005"/>
  <system-out><![CDATA[]]></system-out>
  <system-err><![CDATA[]]></system-err>
</testsuite>
